==24094== Memcheck, a memory error detector
==24094== Copyright (C) 2002-2017, and GNU GPL'd, by Julian Seward et al.
==24094== Using Valgrind-3.13.0 and LibVEX; rerun with -h for copyright info
==24094== Command: target/debug/examples/simple
==24094== Parent PID: 7442
==24094== 
==24094== 
==24094== HEAP SUMMARY:
==24094==     in use at exit: 656,424 bytes in 5 blocks
==24094==   total heap usage: 31 allocs, 26 frees, 660,005 bytes allocated
==24094== 
==24094== 40 bytes in 1 blocks are still reachable in loss record 1 of 5
==24094==    at 0x4C2FB0F: malloc (in /usr/lib/valgrind/vgpreload_memcheck-amd64-linux.so)
==24094==    by 0x11C9EB: alloc::alloc::alloc (alloc.rs:82)
==24094==    by 0x11C959: alloc::alloc::exchange_malloc (alloc.rs:192)
==24094==    by 0x11C67C: <std::sync::mutex::Mutex<T>>::new (mutex.rs:180)
==24094==    by 0x116E00: <std::sync::mutex::Mutex<T> as core::default::Default>::default (mutex.rs:398)
==24094==    by 0x1141D1: astral_core::string::entry_hash_table::EntryHashTable::new (entry_hash_table.rs:35)
==24094==    by 0x113B1F: __static_ref_initialize (mod.rs:141)
==24094==    by 0x113B1F: core::ops::function::FnOnce::call_once (function.rs:238)
==24094==    by 0x11BEB2: <lazy_static::lazy::Lazy<T>>::get::{{closure}} (inline_lazy.rs:28)
==24094==    by 0x1171FD: std::sync::once::Once::call_once::{{closure}} (once.rs:230)
==24094==    by 0x12CE45: std::sync::once::Once::call_inner (once.rs:397)
==24094==    by 0x117069: std::sync::once::Once::call_once (once.rs:230)
==24094==    by 0x11AD45: get<astral_core::string::entry_hash_table::EntryHashTable,fn() -> astral_core::string::entry_hash_table::EntryHashTable> (inline_lazy.rs:27)
==24094==    by 0x11AD45: __stability (<::lazy_static::__lazy_static_internal macros>:12)
==24094==    by 0x11AD45: <astral_core::string::ENTRY_HASH_TABLE as core::ops::deref::Deref>::deref (<::lazy_static::__lazy_static_internal macros>:13)
==24094== 
{
   <insert_a_suppression_name_here>
   Memcheck:Leak
   match-leak-kinds: reachable
   fun:malloc
   fun:_ZN5alloc5alloc5alloc17hf30a13610e90f345E
   fun:_ZN5alloc5alloc15exchange_malloc17h2478206ec20a9bc6E
   fun:_ZN41_$LT$std..sync..mutex..Mutex$LT$T$GT$$GT$3new17h794ec088b79d8e4fE
   fun:_ZN75_$LT$std..sync..mutex..Mutex$LT$T$GT$$u20$as$u20$core..default..Default$GT$7default17h8727da2fe313bd9bE
   fun:_ZN11astral_core6string16entry_hash_table14EntryHashTable3new17h33cdbe823341375eE
   fun:__static_ref_initialize
   fun:_ZN4core3ops8function6FnOnce9call_once17hf55483229a3872ebE
   fun:_ZN41_$LT$lazy_static..lazy..Lazy$LT$T$GT$$GT$3get28_$u7b$$u7b$closure$u7d$$u7d$17h0bfbb0c71a1478deE
   fun:_ZN3std4sync4once4Once9call_once28_$u7b$$u7b$closure$u7d$$u7d$17hda48c4a1db9663baE
   fun:_ZN3std4sync4once4Once10call_inner17hfcf5cc710f8dca17E
   fun:_ZN3std4sync4once4Once9call_once17h3d6a2066074aa0f2E
   fun:get<astral_core::string::entry_hash_table::EntryHashTable,fn() -> astral_core::string::entry_hash_table::EntryHashTable>
   fun:__stability
   fun:_ZN81_$LT$astral_core..string..ENTRY_HASH_TABLE$u20$as$u20$core..ops..deref..Deref$GT$5deref17h8f0eb41f09d57bcfE
}
==24094== 1,024 bytes in 1 blocks are still reachable in loss record 2 of 5
==24094==    at 0x4C2FB0F: malloc (in /usr/lib/valgrind/vgpreload_memcheck-amd64-linux.so)
==24094==    by 0x11B3CB: alloc::alloc::alloc (alloc.rs:82)
==24094==    by 0x11B1B1: <alloc::alloc::Global as core::alloc::Alloc>::alloc (alloc.rs:158)
==24094==    by 0x119671: <alloc::raw_vec::RawVec<T, A>>::allocate_in (raw_vec.rs:106)
==24094==    by 0x1193A5: <alloc::raw_vec::RawVec<T>>::with_capacity (raw_vec.rs:150)
==24094==    by 0x115FB3: <alloc::vec::Vec<T>>::with_capacity (vec.rs:368)
==24094==    by 0x1149DA: <astral_core::string::static_ref_vector::StaticRefVector<'a, T>>::new (static_ref_vector.rs:41)
==24094==    by 0x113A44: __static_ref_initialize (mod.rs:140)
==24094==    by 0x113A44: core::ops::function::FnOnce::call_once (function.rs:238)
==24094==    by 0x11BF12: <lazy_static::lazy::Lazy<T>>::get::{{closure}} (inline_lazy.rs:28)
==24094==    by 0x1171AD: std::sync::once::Once::call_once::{{closure}} (once.rs:230)
==24094==    by 0x12CE45: std::sync::once::Once::call_inner (once.rs:397)
==24094==    by 0x117129: std::sync::once::Once::call_once (once.rs:230)
==24094== 
{
   <insert_a_suppression_name_here>
   Memcheck:Leak
   match-leak-kinds: reachable
   fun:malloc
   fun:_ZN5alloc5alloc5alloc17h087ea11ecb8e1502E
   fun:_ZN59_$LT$alloc..alloc..Global$u20$as$u20$core..alloc..Alloc$GT$5alloc17h8aafde15323e9f0aE
   fun:_ZN49_$LT$alloc..raw_vec..RawVec$LT$T$C$$u20$A$GT$$GT$11allocate_in17h198d27e1bd7e17faE
   fun:_ZN40_$LT$alloc..raw_vec..RawVec$LT$T$GT$$GT$13with_capacity17he5be5c7850db25c7E
   fun:_ZN33_$LT$alloc..vec..Vec$LT$T$GT$$GT$13with_capacity17hbbdac1e5fa971f61E
   fun:_ZN87_$LT$astral_core..string..static_ref_vector..StaticRefVector$LT$$u27$a$C$$u20$T$GT$$GT$3new17hebfd6f1ddf66ded5E
   fun:__static_ref_initialize
   fun:_ZN4core3ops8function6FnOnce9call_once17h128cac661da340afE
   fun:_ZN41_$LT$lazy_static..lazy..Lazy$LT$T$GT$$GT$3get28_$u7b$$u7b$closure$u7d$$u7d$17h5966b7a09221ae41E
   fun:_ZN3std4sync4once4Once9call_once28_$u7b$$u7b$closure$u7d$$u7d$17h490590ae120cc241E
   fun:_ZN3std4sync4once4Once10call_inner17hfcf5cc710f8dca17E
   fun:_ZN3std4sync4once4Once9call_once17h88cdb67aed2f8bfcE
}
==24094== 65,536 bytes in 1 blocks are still reachable in loss record 3 of 5
==24094==    at 0x4C2FB0F: malloc (in /usr/lib/valgrind/vgpreload_memcheck-amd64-linux.so)
==24094==    by 0x11C5A5: std::sys::unix::alloc::<impl core::alloc::GlobalAlloc for std::alloc::System>::alloc (alloc.rs:21)
==24094==    by 0x11B67F: astral_core::string::allocator::Allocator::allocate_page (allocator.rs:44)
==24094==    by 0x11B7E2: astral_core::string::allocator::Allocator::allocate (allocator.rs:76)
==24094==    by 0x115BDA: astral_core::string::entry::Entry::allocate (entry.rs:57)
==24094==    by 0x114640: astral_core::string::entry_hash_table::EntryHashTable::find_or_insert (entry_hash_table.rs:74)
==24094==    by 0x11191B: astral_core::string::name::Name::new (name.rs:61)
==24094==    by 0x111C7C: <astral_core::string::name::Name as core::convert::From<&str>>::from (name.rs:383)
==24094==    by 0x10FEAE: simple::app (main.rs:85)
==24094==    by 0x110178: simple::main (main.rs:292)
==24094==    by 0x10F70F: std::rt::lang_start::{{closure}} (rt.rs:74)
==24094==    by 0x132222: {{closure}} (rt.rs:59)
==24094==    by 0x132222: std::panicking::try::do_call (panicking.rs:310)
==24094== 
{
   <insert_a_suppression_name_here>
   Memcheck:Leak
   match-leak-kinds: reachable
   fun:malloc
   fun:_ZN3std3sys4unix5alloc73_$LT$impl$u20$core..alloc..GlobalAlloc$u20$for$u20$std..alloc..System$GT$5alloc17h95b584c20f9cb8cdE
   fun:_ZN11astral_core6string9allocator9Allocator13allocate_page17h1ae4923ac0ca6ab5E
   fun:_ZN11astral_core6string9allocator9Allocator8allocate17hf2501c30b966e3f9E
   fun:_ZN11astral_core6string5entry5Entry8allocate17hd17b26971d75ba27E
   fun:_ZN11astral_core6string16entry_hash_table14EntryHashTable14find_or_insert17h3f7908d7c92038d4E
   fun:_ZN11astral_core6string4name4Name3new17h52f75991e919ddc1E
   fun:_ZN86_$LT$astral_core..string..name..Name$u20$as$u20$core..convert..From$LT$$RF$str$GT$$GT$4from17hbc426478aa4199bcE
   fun:_ZN6simple3app17hd27b4b3b941f38d4E
   fun:_ZN6simple4main17h4ba39cfbe03dae52E
   fun:_ZN3std2rt10lang_start28_$u7b$$u7b$closure$u7d$$u7d$17h573a23aee29934bcE
   fun:{{closure}}
   fun:_ZN3std9panicking3try7do_call17h197e5166a6082f18E
}
==24094== 65,536 bytes in 1 blocks are still reachable in loss record 4 of 5
==24094==    at 0x4C2FB0F: malloc (in /usr/lib/valgrind/vgpreload_memcheck-amd64-linux.so)
==24094==    by 0x11B3CB: alloc::alloc::alloc (alloc.rs:82)
==24094==    by 0x11B339: alloc::alloc::exchange_malloc (alloc.rs:192)
==24094==    by 0x114EA0: new<[core::option::Option<&astral_core::string::entry::Entry>; 8192]> (boxed.rs:109)
==24094==    by 0x114EA0: <astral_core::string::static_ref_vector::StaticRefVector<'a, T>>::page_or_create (static_ref_vector.rs:95)
==24094==    by 0x114FFC: <astral_core::string::static_ref_vector::StaticRefVector<'a, T>>::push (static_ref_vector.rs:120)
==24094==    by 0x1146BE: astral_core::string::entry_hash_table::EntryHashTable::find_or_insert (entry_hash_table.rs:75)
==24094==    by 0x11191B: astral_core::string::name::Name::new (name.rs:61)
==24094==    by 0x111C7C: <astral_core::string::name::Name as core::convert::From<&str>>::from (name.rs:383)
==24094==    by 0x10FEAE: simple::app (main.rs:85)
==24094==    by 0x110178: simple::main (main.rs:292)
==24094==    by 0x10F70F: std::rt::lang_start::{{closure}} (rt.rs:74)
==24094==    by 0x132222: {{closure}} (rt.rs:59)
==24094==    by 0x132222: std::panicking::try::do_call (panicking.rs:310)
==24094== 
{
   <insert_a_suppression_name_here>
   Memcheck:Leak
   match-leak-kinds: reachable
   fun:malloc
   fun:_ZN5alloc5alloc5alloc17h087ea11ecb8e1502E
   fun:_ZN5alloc5alloc15exchange_malloc17hb35644844dbcdcf9E
   fun:new<[core::option::Option<&astral_core::string::entry::Entry>; 8192]>
   fun:_ZN87_$LT$astral_core..string..static_ref_vector..StaticRefVector$LT$$u27$a$C$$u20$T$GT$$GT$14page_or_create17h0facb89b77c33ba3E
   fun:_ZN87_$LT$astral_core..string..static_ref_vector..StaticRefVector$LT$$u27$a$C$$u20$T$GT$$GT$4push17h0008ba3444ec293fE
   fun:_ZN11astral_core6string16entry_hash_table14EntryHashTable14find_or_insert17h3f7908d7c92038d4E
   fun:_ZN11astral_core6string4name4Name3new17h52f75991e919ddc1E
   fun:_ZN86_$LT$astral_core..string..name..Name$u20$as$u20$core..convert..From$LT$$RF$str$GT$$GT$4from17hbc426478aa4199bcE
   fun:_ZN6simple3app17hd27b4b3b941f38d4E
   fun:_ZN6simple4main17h4ba39cfbe03dae52E
   fun:_ZN3std2rt10lang_start28_$u7b$$u7b$closure$u7d$$u7d$17h573a23aee29934bcE
   fun:{{closure}}
   fun:_ZN3std9panicking3try7do_call17h197e5166a6082f18E
}
==24094== 524,288 bytes in 1 blocks are still reachable in loss record 5 of 5
==24094==    at 0x4C2FB0F: malloc (in /usr/lib/valgrind/vgpreload_memcheck-amd64-linux.so)
==24094==    by 0x11B3CB: alloc::alloc::alloc (alloc.rs:82)
==24094==    by 0x11B339: alloc::alloc::exchange_malloc (alloc.rs:192)
==24094==    by 0x11418F: new<[core::sync::atomic::AtomicPtr<astral_core::string::entry::Entry>; 65536]> (boxed.rs:109)
==24094==    by 0x11418F: astral_core::string::entry_hash_table::EntryHashTable::new (entry_hash_table.rs:34)
==24094==    by 0x113B1F: __static_ref_initialize (mod.rs:141)
==24094==    by 0x113B1F: core::ops::function::FnOnce::call_once (function.rs:238)
==24094==    by 0x11BEB2: <lazy_static::lazy::Lazy<T>>::get::{{closure}} (inline_lazy.rs:28)
==24094==    by 0x1171FD: std::sync::once::Once::call_once::{{closure}} (once.rs:230)
==24094==    by 0x12CE45: std::sync::once::Once::call_inner (once.rs:397)
==24094==    by 0x117069: std::sync::once::Once::call_once (once.rs:230)
==24094==    by 0x11AD45: get<astral_core::string::entry_hash_table::EntryHashTable,fn() -> astral_core::string::entry_hash_table::EntryHashTable> (inline_lazy.rs:27)
==24094==    by 0x11AD45: __stability (<::lazy_static::__lazy_static_internal macros>:12)
==24094==    by 0x11AD45: <astral_core::string::ENTRY_HASH_TABLE as core::ops::deref::Deref>::deref (<::lazy_static::__lazy_static_internal macros>:13)
==24094==    by 0x1118D6: astral_core::string::name::Name::new (name.rs:61)
==24094==    by 0x111C7C: <astral_core::string::name::Name as core::convert::From<&str>>::from (name.rs:383)
==24094== 
{
   <insert_a_suppression_name_here>
   Memcheck:Leak
   match-leak-kinds: reachable
   fun:malloc
   fun:_ZN5alloc5alloc5alloc17h087ea11ecb8e1502E
   fun:_ZN5alloc5alloc15exchange_malloc17hb35644844dbcdcf9E
   fun:new<[core::sync::atomic::AtomicPtr<astral_core::string::entry::Entry>; 65536]>
   fun:_ZN11astral_core6string16entry_hash_table14EntryHashTable3new17h33cdbe823341375eE
   fun:__static_ref_initialize
   fun:_ZN4core3ops8function6FnOnce9call_once17hf55483229a3872ebE
   fun:_ZN41_$LT$lazy_static..lazy..Lazy$LT$T$GT$$GT$3get28_$u7b$$u7b$closure$u7d$$u7d$17h0bfbb0c71a1478deE
   fun:_ZN3std4sync4once4Once9call_once28_$u7b$$u7b$closure$u7d$$u7d$17hda48c4a1db9663baE
   fun:_ZN3std4sync4once4Once10call_inner17hfcf5cc710f8dca17E
   fun:_ZN3std4sync4once4Once9call_once17h3d6a2066074aa0f2E
   fun:get<astral_core::string::entry_hash_table::EntryHashTable,fn() -> astral_core::string::entry_hash_table::EntryHashTable>
   fun:__stability
   fun:_ZN81_$LT$astral_core..string..ENTRY_HASH_TABLE$u20$as$u20$core..ops..deref..Deref$GT$5deref17h8f0eb41f09d57bcfE
   fun:_ZN11astral_core6string4name4Name3new17h52f75991e919ddc1E
   fun:_ZN86_$LT$astral_core..string..name..Name$u20$as$u20$core..convert..From$LT$$RF$str$GT$$GT$4from17hbc426478aa4199bcE
}
==24094== LEAK SUMMARY:
==24094==    definitely lost: 0 bytes in 0 blocks
==24094==    indirectly lost: 0 bytes in 0 blocks
==24094==      possibly lost: 0 bytes in 0 blocks
==24094==    still reachable: 656,424 bytes in 5 blocks
==24094==         suppressed: 0 bytes in 0 blocks
==24094== 
==24094== For counts of detected and suppressed errors, rerun with: -v
==24094== ERROR SUMMARY: 0 errors from 0 contexts (suppressed: 0 from 0)
